C51 COMPILER V9.01   SYSTEM                                                                06/30/2016 09:40:30 PAGE 1   


C51 COMPILER V9.01, COMPILATION OF MODULE SYSTEM
OBJECT MODULE PLACED IN .\build\system.obj
COMPILER INVOKED BY: C:\Keil\C51\BIN\C51.EXE system.c LARGE BROWSE DEBUG OBJECTEXTEND PRINT(.\lst\system.lst) OBJECT(.\b
                    -uild\system.obj)

line level    source

   1          /* Copyright (c) 2008 Nordic Semiconductor. All Rights Reserved.
   2           *
   3           * The information contained herein is confidential property of Nordic 
   4           * Semiconductor. The use, copying, transfer or disclosure of such information 
   5           * is prohibited except by express written agreement with Nordic Semiconductor.
   6           *
   7           * $LastChangedRevision:$
   8           */
   9          
  10          /** @file
  11           * System level functions.
  12           * 
  13           * @author Rune Brandsegg
  14           *
  15           */
  16          #include <stdint.h>
  17          #include "hal_nrf.h"
  18          #include "radio.h"
  19          #include "system.h"
  20          
  21          
  22          void mcu_init(void)
  23          {
  24   1              CLKCTRL = 0x28;                 // Clock sourced by XCOSC16M 
  25   1      
  26   1              delay_10ms();
  27   1              delay_10ms();
  28   1      
  29   1              P0 = 0;                     // Port setup   
  30   1              P1 = 0;
  31   1              P0DIR = 0x00;
  32   1              P1DIR = 0x00;   
  33   1      
  34   1              // UART 
  35   1              P0DIR &= 0xF7;                          // P03 (TxD) is output
  36   1              P0DIR |= 0x10;                          // P04 (RxD) is input 
  37   1              P0|=0x18;        
  38   1                      
  39   1              S0CON = 0x50;  
  40   1              PCON |= 0x80;                           // SMOD = 1
  41   1              WDCON |= 0x80;                          // Select internal baud rate generator 
  42   1              
  43   1              //S0RELL = 0xFB;        
  44   1              S0RELL = 0xF3;                          // BAUD_38K4
  45   1              S0RELH = 0x03;  
  46   1              //P0CON = 0x13;
  47   1              //P0CON = 0x44;                  
  48   1              ES0 = 1;                                // Enable UART0 interrupt
  49   1      
  50   1              RFCKEN = 1;                 // enable L01 clock
  51   1              RF = 1;                     // enable RF interrupt  
  52   1      }
  53          
  54          void boot_mess(void)
C51 COMPILER V9.01   SYSTEM                                                                06/30/2016 09:40:30 PAGE 2   

  55          {   
  56   1        uint8_t ctr;
  57   1      
  58   1        for(ctr=0;ctr<3;ctr++)
  59   1        {
  60   2          LED0_BLINK();
  61   2          delay_10ms();
  62   2          
  63   2          LED1_BLINK();
  64   2          delay_10ms();
  65   2          
  66   2          LED2_BLINK();
  67   2          delay_10ms();
  68   2        }       
  69   1      }
  70          
  71          void delay_10ms(void)
  72          {
  73   1        uint16_t ctr;
  74   1        for(ctr=0; ctr<15000; ctr++);
  75   1      }
  76          
  77          


MODULE INFORMATION:   STATIC OVERLAYABLE
   CODE SIZE        =    112    ----
   CONSTANT SIZE    =   ----    ----
   XDATA SIZE       =   ----       1
   PDATA SIZE       =   ----    ----
   DATA SIZE        =   ----    ----
   IDATA SIZE       =   ----    ----
   BIT SIZE         =   ----    ----
END OF MODULE INFORMATION.


C51 COMPILATION COMPLETE.  0 WARNING(S),  0 ERROR(S)
